2018-11-28 01:26:27,430 ERROR [errorlog] java.net.MalformedURLException: no protocol: /Users/jacobborella/workspace/fuse-experienced-solution/EMPL-18080-2-Simulator-soapui-project.xml
java.net.MalformedURLException: no protocol: /Users/jacobborella/workspace/fuse-experienced-solution/EMPL-18080-2-Simulator-soapui-project.xml
	at java.net.URL.<init>(URL.java:593)
	at java.net.URL.<init>(URL.java:490)
	at java.net.URL.<init>(URL.java:439)
	at com.eviware.soapui.impl.wsdl.WsdlProject.<init>(WsdlProject.java:227)
	at com.eviware.soapui.impl.wsdl.WsdlProjectFactory.createNew(WsdlProjectFactory.java:41)
	at com.eviware.soapui.impl.wsdl.WsdlProjectFactory.createNew(WsdlProjectFactory.java:28)
	at com.eviware.soapui.tools.SoapUIMockServiceRunner.runRunner(SoapUIMockServiceRunner.java:96)
	at com.eviware.soapui.tools.AbstractSoapUIRunner.run(AbstractSoapUIRunner.java:202)
	at com.eviware.soapui.tools.AbstractSoapUIRunner.run(AbstractSoapUIRunner.java:137)
	at com.eviware.soapui.tools.AbstractSoapUIRunner.runFromCommandLine(AbstractSoapUIRunner.java:112)
	at com.eviware.soapui.tools.SoapUIMockServiceRunner.main(SoapUIMockServiceRunner.java:66)
2018-11-28 01:26:27,604 ERROR [errorlog] java.lang.Exception: Failed to load SoapUI project file [/Users/jacobborella/workspace/fuse-experienced-solution/EMPL-18080-2-Simulator-soapui-project.xml]
java.lang.Exception: Failed to load SoapUI project file [/Users/jacobborella/workspace/fuse-experienced-solution/EMPL-18080-2-Simulator-soapui-project.xml]
	at com.eviware.soapui.tools.SoapUIMockServiceRunner.runRunner(SoapUIMockServiceRunner.java:99)
	at com.eviware.soapui.tools.AbstractSoapUIRunner.run(AbstractSoapUIRunner.java:202)
	at com.eviware.soapui.tools.AbstractSoapUIRunner.run(AbstractSoapUIRunner.java:137)
	at com.eviware.soapui.tools.AbstractSoapUIRunner.runFromCommandLine(AbstractSoapUIRunner.java:112)
	at com.eviware.soapui.tools.SoapUIMockServiceRunner.main(SoapUIMockServiceRunner.java:66)
