2018-11-28 01:26:41,998 INFO  [DefaultSoapUICore] initialized soapui-settings from [/Users/jacobborella/soapui-settings.xml]
2018-11-28 01:26:42,611 INFO  [PluginManager] 0 plugins loaded in 1 ms
2018-11-28 01:26:42,611 INFO  [DefaultSoapUICore] All plugins loaded
2018-11-28 01:26:43,505 INFO  [WsdlProject] Loaded project from [file:/Users/jacobborella/workspace/fuse-experienced-solution/svc-simulator/EMPL-18080-2-Simulator-soapui-project.xml]
2018-11-28 01:26:43,510 INFO  [SoapUIMockServiceRunner] Running MockService [PersonEJBPortBinding MockService] in project [EMPL_18080_2_Simulator]
2018-11-28 01:26:43,510 INFO  [SoapUIMockServiceRunner] Press any key to terminate
2018-11-28 01:26:44,374 INFO  [SchemaUtils] Added default schema from file:/Applications/SoapUI-5.4.0.app/Contents/java/app/bin/soapui-5.4.0.jar!/com/eviware/soapui/resources/xsds/xop.xsd with targetNamespace http://www.w3.org/2004/08/xop/include
2018-11-28 01:26:44,574 INFO  [SchemaUtils] Added default schema from file:/Applications/SoapUI-5.4.0.app/Contents/java/app/bin/soapui-5.4.0.jar!/com/eviware/soapui/resources/xsds/XMLSchema.xsd with targetNamespace http://www.w3.org/2001/XMLSchema
2018-11-28 01:26:44,575 INFO  [SchemaUtils] Added default schema from file:/Applications/SoapUI-5.4.0.app/Contents/java/app/bin/soapui-5.4.0.jar!/com/eviware/soapui/resources/xsds/xml.xsd with targetNamespace http://www.w3.org/XML/1998/namespace
2018-11-28 01:26:44,580 INFO  [SchemaUtils] Added default schema from file:/Applications/SoapUI-5.4.0.app/Contents/java/app/bin/soapui-5.4.0.jar!/com/eviware/soapui/resources/xsds/swaref.xsd with targetNamespace http://ws-i.org/profiles/basic/1.1/xsd
2018-11-28 01:26:44,582 INFO  [SchemaUtils] Added default schema from file:/Applications/SoapUI-5.4.0.app/Contents/java/app/bin/soapui-5.4.0.jar!/com/eviware/soapui/resources/xsds/xmime200505.xsd with targetNamespace http://www.w3.org/2005/05/xmlmime
2018-11-28 01:26:44,584 INFO  [SchemaUtils] Added default schema from file:/Applications/SoapUI-5.4.0.app/Contents/java/app/bin/soapui-5.4.0.jar!/com/eviware/soapui/resources/xsds/xmime200411.xsd with targetNamespace http://www.w3.org/2004/11/xmlmime
2018-11-28 01:26:44,587 INFO  [SchemaUtils] Added default schema from file:/Applications/SoapUI-5.4.0.app/Contents/java/app/bin/soapui-5.4.0.jar!/com/eviware/soapui/resources/xsds/soapEnvelope.xsd with targetNamespace http://schemas.xmlsoap.org/soap/envelope/
2018-11-28 01:26:44,592 INFO  [SchemaUtils] Added default schema from file:/Applications/SoapUI-5.4.0.app/Contents/java/app/bin/soapui-5.4.0.jar!/com/eviware/soapui/resources/xsds/soapEncoding.xsd with targetNamespace http://schemas.xmlsoap.org/soap/encoding/
2018-11-28 01:26:44,595 INFO  [SchemaUtils] Added default schema from file:/Applications/SoapUI-5.4.0.app/Contents/java/app/bin/soapui-5.4.0.jar!/com/eviware/soapui/resources/xsds/soapEnvelope12.xsd with targetNamespace http://www.w3.org/2003/05/soap-envelope
2018-11-28 01:26:44,622 INFO  [SchemaUtils] Added default schema from file:/Applications/SoapUI-5.4.0.app/Contents/java/app/bin/soapui-5.4.0.jar!/com/eviware/soapui/resources/xsds/soapEncoding12.xsd with targetNamespace http://www.w3.org/2003/05/soap-encoding
2018-11-28 01:26:44,623 INFO  [SchemaUtils] Loading schema types from [file:/Users/jacobborella/kurser/fuse/experienced-integration-labs/code/06_homework-assignment/core/artifacts/src/main/resources/META-INF/wsdl/EMPI_18080_2.wsdl]
2018-11-28 01:26:44,624 INFO  [SchemaUtils] Getting schema file:/Users/jacobborella/kurser/fuse/experienced-integration-labs/code/06_homework-assignment/core/artifacts/src/main/resources/META-INF/wsdl/EMPI_18080_2.wsdl
2018-11-28 01:26:44,693 INFO  [SchemaUtils] Getting schema file:/Users/jacobborella/kurser/fuse/experienced-integration-labs/code/06_homework-assignment/core/artifacts/src/main/resources/META-INF/xsd/mdm.xsd
2018-11-28 01:26:45,270 INFO  [WsdlMockDispatcher] Mounted WSDL for interface [PersonEJBPortBinding] at [/mockPersonEJBPortBinding?WSDL]
2018-11-28 01:26:45,291 INFO  [jetty] Logging to com.eviware.soapui.support.log.JettyLogger@56928307 via com.eviware.soapui.support.log.JettyLogger
2018-11-28 01:26:45,342 INFO  [jetty] jetty-6.1.26
2018-11-28 01:26:45,387 INFO  [jetty] Started JettyMockEngine$SoapUIConnector@0.0.0.0:8088
2018-11-28 01:26:45,387 INFO  [JettyMockEngine] Started mockService [PersonEJBPortBinding MockService] on port [8088] at path [/mockPersonEJBPortBinding]
2018-11-28 01:26:45,387 INFO  [SoapUIMockServiceRunner] MockService started on port 8088 at path [/mockPersonEJBPortBinding]
2018-11-28 01:26:45,388 INFO  [SoapUIMockServiceRunner] Started 1 runner
2018-11-28 01:26:50,361 INFO  [SoapUIMockServiceRunner] Handled request 1; [executeMatchUpdate] with [Response 1] in [53ms] at [2018-11-28 01:26:50.296]
2018-11-28 01:33:58,435 INFO  [SoapUIMockServiceRunner] Handled request 2; [executeMatchUpdate] with [Response 1] in [0ms] at [2018-11-28 01:33:58.432]
2018-11-28 01:41:41,661 INFO  [SoapUIMockServiceRunner] Handled request 3; [executeMatchUpdate] with [Response 1] in [3ms] at [2018-11-28 01:41:41.650]
2018-11-28 02:10:04,310 INFO  [SoapUIMockServiceRunner] Handled request 4; [executeMatchUpdate] with [Response 1] in [1ms] at [2018-11-28 02:10:04.304]
2018-11-28 02:12:54,411 INFO  [SoapUIMockServiceRunner] Handled request 5; [executeMatchUpdate] with [Response 1] in [1ms] at [2018-11-28 02:12:54.407]
2018-11-28 02:14:16,368 INFO  [SoapUIMockServiceRunner] Handled request 6; [executeMatchUpdate] with [Response 1] in [0ms] at [2018-11-28 02:14:16.365]
2018-11-28 02:15:48,321 INFO  [SoapUIMockServiceRunner] Handled request 7; [executeMatchUpdate] with [Response 1] in [1ms] at [2018-11-28 02:15:48.317]
